Arguments: 
  /home/xavier/.nvm/versions/node/v15.3.0/bin/node /usr/local/bin/yarn init

PATH: 
  /home/xavier/.nvm/versions/node/v15.3.0/bin:/home/xavier/.local/bin:/home/xavier/bin:/usr/local/sbin:/usr/local/bin:/usr/sbin:/usr/bin:/sbin:/bin:/usr/games:/usr/local/games:/snap/bin:/home/xavier/Android/Sdk/tools:/home/xavier/Android/Sdk/platform-tools:/home/xavier/snap/flutter/common/flutter/.pub-cache/bin:/usr/sbin:/home/xavier/Programs/flutter/bin

Yarn version: 
  1.22.10

Node version: 
  15.3.0

Platform: 
  linux x64

Trace: 
  Error: canceled
      at Interface.<anonymous> (/usr/local/lib/node_modules/yarn/lib/cli.js:136216:13)
      at Interface.emit (node:events:376:20)
      at Interface._ttyWrite (node:readline:880:16)
      at ReadStream.onkeypress (node:readline:213:10)
      at ReadStream.emit (node:events:376:20)
      at emitKeys (node:internal/readline/utils:345:14)
      at emitKeys.next (<anonymous>)
      at ReadStream.onData (node:readline:1149:36)
      at ReadStream.emit (node:events:376:20)
      at addChunk (node:internal/streams/readable:304:12)

npm manifest: 
  No manifest

yarn manifest: 
  No manifest

Lockfile: 
  No lockfile
